<?xml version="1.0" encoding="UTF-8"?>
<!-- Generated by org.testng.reporters.JUnitXMLReporter -->
<testsuite ignored="0" hostname="DESKTOP-K5O8H91" failures="0" tests="8" name="Default test" time="131.117" errors="0" timestamp="2022-10-18T18:02:12 IST">
  <testcase classname="project.AutomateFlipkart" name="loadPage" time="74.293"/>
  <testcase classname="project.AutomateFlipkart" name="searchProduct" time="8.239"/>
  <testcase classname="project.AutomateFlipkart" name="loadImage" time="0.458"/>
  <testcase classname="project.AutomateFlipkart" name="scrollFeature" time="5.022"/>
  <testcase classname="project.AutomateFlipkart" name="downloadImg" time="11.001"/>
  <testcase classname="project.AutomateFlipkart" name="scrollFrequency" time="5.469"/>
  <testcase classname="project.AutomateFlipkart" name="scrollToEnd" time="5.032"/>
  <testcase classname="project.AutomateFlipkart" name="screenRes" time="10.499"/>
</testsuite> <!-- Default test -->
